#
# There is insufficient memory for the Java Runtime Environment to continue.
# Native memory allocation (mmap) failed to map 262144000 bytes for Failed to commit area from 0x0000000706400000 to 0x0000000715e00000 of length 262144000.
# Possible reasons:
#   The system is out of physical RAM or swap space
#   The process is running with CompressedOops enabled, and the Java Heap may be blocking the growth of the native heap
# Possible solutions:
#   Reduce memory load on the system
#   Increase physical memory or swap space
#   Check if swap backing store is full
#   Decrease Java heap size (-Xmx/-Xms)
#   Decrease number of Java threads
#   Decrease Java thread stack sizes (-Xss)
#   Set larger code cache with -XX:ReservedCodeCacheSize=
# This output file may be truncated or incomplete.
#
#  Out of Memory Error (./src/hotspot/os/windows/os_windows.cpp:3619), pid=22172, tid=25536
#
# JRE version:  (11.0.13+7) (build )
# Java VM: OpenJDK 64-Bit Server VM (11.0.13+7-b1751.19, mixed mode, sharing, tiered, compressed oops, g1 gc, windows-amd64)
# No core dump will be written. Minidumps are not enabled by default on client versions of Windows
#

---------------  S U M M A R Y ------------

Command Line: git4idea.http.GitAskPassApp Username for 'https://github.com': 

Host: Intel(R) Core(TM) i7-10610U CPU @ 1.80GHz, 8 cores, 15G,  Windows 10 , 64 bit Build 19041 (10.0.19041.1348)
Time: Mon Jan 31 08:58:42 2022 Jerusalem Standard Time elapsed time: 0.033141 seconds (0d 0h 0m 0s)

---------------  T H R E A D  ---------------

Current thread (0x0000017837df9800):  JavaThread "Unknown thread" [_thread_in_vm, id=25536, stack(0x0000001a3ab00000,0x0000001a3ac00000)]

Stack: [0x0000001a3ab00000,0x0000001a3ac00000]
Native frames: (J=compiled Java code, j=interpreted, Vv=VM code, C=native code)
V  [jvm.dll+0x613ada]
V  [jvm.dll+0x799a80]
V  [jvm.dll+0x79b09d]
V  [jvm.dll+0x79b773]
V  [jvm.dll+0x24c4c8]
V  [jvm.dll+0x610b64]
V  [jvm.dll+0x605855]
V  [jvm.dll+0x30aaeb]
V  [jvm.dll+0x30aa5a]
V  [jvm.dll+0x30a932]
V  [jvm.dll+0x30f896]
V  [jvm.dll+0x359293]
V  [jvm.dll+0x359996]
V  [jvm.dll+0x359393]
V  [jvm.dll+0x2e5308]
V  [jvm.dll+0x2e64b7]
V  [jvm.dll+0x7769c7]
V  [jvm.dll+0x7781bc]
V  [jvm.dll+0x366829]
V  [jvm.dll+0x75a52e]
V  [jvm.dll+0x3d4923]
V  [jvm.dll+0x3d6e91]
C  [jli.dll+0x536b]
C  [ucrtbase.dll+0x21bb2]
C  [KERNEL32.DLL+0x17034]
C  [ntdll.dll+0x52651]


---------------  P R O C E S S  ---------------

Threads class SMR info:
_java_thread_list=0x00000178357686e0, length=0, elements={
}

Java Threads: ( => current thread )

Other Threads:
  0x0000017837e0e800 GCTaskThread "GC Thread#0" [stack: 0x0000001a3ac00000,0x0000001a3ad00000] [id=18284]
  0x0000017837e6a000 ConcurrentGCThread "G1 Main Marker" [stack: 0x0000001a3ad00000,0x0000001a3ae00000] [id=4420]
  0x0000017837e6c800 ConcurrentGCThread "G1 Conc#0" [stack: 0x0000001a3ae00000,0x0000001a3af00000] [id=25380]

[error occurred during error reporting (printing all threads), id 0xc0000005, EXCEPTION_ACCESS_VIOLATION (0xc0000005) at pc=0x00007ff8db665b77]

VM state:not at safepoint (not fully initialized)

VM Mutex/Monitor currently owned by a thread:  ([mutex/lock_event])
[0x0000017837df5e70] Heap_lock - owner thread: 0x0000017837df9800

Heap address: 0x0000000706400000, size: 3996 MB, Compressed Oops mode: Non-zero based: 0x0000000706400000
Narrow klass base: 0x0000000000000000, Narrow klass shift: 0

GC Heap History (0 events):
No events

Deoptimization events (0 events):
No events

Classes redefined (0 events):
No events

Internal exceptions (0 events):
No events

Events (1 events):
Event: 0.026 Loaded shared library C:\Program Files\JetBrains\PyCharm Community Edition 2021.3\jbr\bin\zip.dll


Dynamic libraries:
0x00007ff6f2330000 - 0x00007ff6f233a000 	C:\Program Files\JetBrains\PyCharm Community Edition 2021.3\jbr\bin\java.exe
0x00007ff929a70000 - 0x00007ff929c65000 	C:\Windows\SYSTEM32\ntdll.dll
0x00007ff9288e0000 - 0x00007ff92899e000 	C:\Windows\System32\KERNEL32.DLL
0x00007ff9272d0000 - 0x00007ff927598000 	C:\Windows\System32\KERNELBASE.dll
0x00007ff927850000 - 0x00007ff927950000 	C:\Windows\System32\ucrtbase.dll
0x00007ff8fabe0000 - 0x00007ff8fabf7000 	C:\Program Files\JetBrains\PyCharm Community Edition 2021.3\jbr\bin\VCRUNTIME140.dll
0x00007ff8faac0000 - 0x00007ff8faad9000 	C:\Program Files\JetBrains\PyCharm Community Edition 2021.3\jbr\bin\jli.dll
0x00007ff9293e0000 - 0x00007ff929581000 	C:\Windows\System32\USER32.dll
0x00007ff91b6b0000 - 0x00007ff91b94a000 	C:\Windows\WinSxS\amd64_microsoft.windows.common-controls_6595b64144ccf1df_6.0.19041.1110_none_60b5254171f9507e\COMCTL32.dll
0x00007ff9271d0000 - 0x00007ff9271f2000 	C:\Windows\System32\win32u.dll
0x00007ff9286c0000 - 0x00007ff92875e000 	C:\Windows\System32\msvcrt.dll
0x00007ff9288b0000 - 0x00007ff9288db000 	C:\Windows\System32\GDI32.dll
0x00007ff9276e0000 - 0x00007ff9277ed000 	C:\Windows\System32\gdi32full.dll
0x00007ff927230000 - 0x00007ff9272cd000 	C:\Windows\System32\msvcp_win.dll
0x00007ff9285a0000 - 0x00007ff9285d0000 	C:\Windows\System32\IMM32.DLL
0x00007ff8df7c0000 - 0x00007ff8df872000 	C:\Program Files\McAfee\Endpoint Security\Threat Prevention\Ips\EpMPApi.dll
0x00007ff927b60000 - 0x00007ff927c8a000 	C:\Windows\System32\RPCRT4.dll
0x00007ff928490000 - 0x00007ff92853c000 	C:\Windows\System32\ADVAPI32.dll
0x00007ff927c90000 - 0x00007ff927d2b000 	C:\Windows\System32\sechost.dll
0x00007ff9277f0000 - 0x00007ff927850000 	C:\Windows\System32\WINTRUST.dll
0x00007ff927950000 - 0x00007ff927aa6000 	C:\Windows\System32\CRYPT32.dll
0x00007ff926d60000 - 0x00007ff926d72000 	C:\Windows\SYSTEM32\MSASN1.dll
0x00000000676a0000 - 0x00000000676ac000 	C:\Program Files\McAfee\Endpoint Security\Threat Prevention\Ips\EpMPThe.dll
0x00007ff8df5d0000 - 0x00007ff8df629000 	C:\Program Files\McAfee\Endpoint Security\Threat Prevention\Ips\HIPHandlers64.dll
0x00007ff928540000 - 0x00007ff928595000 	C:\Windows\System32\SHLWAPI.dll
0x00007ff913fb0000 - 0x00007ff914194000 	C:\Windows\SYSTEM32\dbghelp.dll
0x00007ff8cc3b0000 - 0x00007ff8cc44d000 	C:\Program Files\JetBrains\PyCharm Community Edition 2021.3\jbr\bin\msvcp140.dll
0x00007ff8db370000 - 0x00007ff8dbee6000 	C:\Program Files\JetBrains\PyCharm Community Edition 2021.3\jbr\bin\server\jvm.dll
0x00007ff928b20000 - 0x00007ff928b28000 	C:\Windows\System32\PSAPI.DLL
0x00007ff922b10000 - 0x00007ff922b19000 	C:\Windows\SYSTEM32\WSOCK32.dll
0x00007ff90c270000 - 0x00007ff90c297000 	C:\Windows\SYSTEM32\WINMM.dll
0x00007ff91f6b0000 - 0x00007ff91f6ba000 	C:\Windows\SYSTEM32\VERSION.dll
0x00007ff929310000 - 0x00007ff92937b000 	C:\Windows\System32\ws2_32.DLL
0x00007ff9259d0000 - 0x00007ff9259e2000 	C:\Windows\SYSTEM32\kernel.appcore.dll
0x00007ff922aa0000 - 0x00007ff922ab1000 	C:\Program Files\JetBrains\PyCharm Community Edition 2021.3\jbr\bin\verify.dll
0x00007ff911a20000 - 0x00007ff911a4c000 	C:\Windows\SYSTEM32\dbgcore.DLL
0x00007ff927650000 - 0x00007ff9276d2000 	C:\Windows\System32\bcryptPrimitives.dll
0x00007ff9216f0000 - 0x00007ff921719000 	C:\Program Files\JetBrains\PyCharm Community Edition 2021.3\jbr\bin\java.dll
0x00007ff922a60000 - 0x00007ff922a6b000 	C:\Program Files\JetBrains\PyCharm Community Edition 2021.3\jbr\bin\jimage.dll
0x00007ff91f3e0000 - 0x00007ff91f3f8000 	C:\Program Files\JetBrains\PyCharm Community Edition 2021.3\jbr\bin\zip.dll

dbghelp: loaded successfully - version: 4.0.5 - missing functions: none
symbol engine: initialized successfully - sym options: 0x614 - pdb path: .;C:\Program Files\JetBrains\PyCharm Community Edition 2021.3\jbr\bin;C:\Windows\SYSTEM32;C:\Windows\WinSxS\amd64_microsoft.windows.common-controls_6595b64144ccf1df_6.0.19041.1110_none_60b5254171f9507e;C:\Program Files\McAfee\Endpoint Security\Threat Prevention\Ips;C:\Program Files\JetBrains\PyCharm Community Edition 2021.3\jbr\bin\server

VM Arguments:
java_command: git4idea.http.GitAskPassApp Username for 'https://github.com': 
java_class_path (initial): C:/Program Files/JetBrains/PyCharm Community Edition 2021.3/plugins/git4idea/lib/git4idea-rt.jar;C:/Program Files/JetBrains/PyCharm Community Edition 2021.3/lib/3rd-party.jar;C:/Program Files/JetBrains/PyCharm Community Edition 2021.3/lib/3rd-party-rt.jar
Launcher Type: SUN_STANDARD

[Global flags]
     intx CICompilerCount                          = 4                                         {product} {ergonomic}
     uint ConcGCThreads                            = 2                                         {product} {ergonomic}
     uint G1ConcRefinementThreads                  = 8                                         {product} {ergonomic}
   size_t G1HeapRegionSize                         = 1048576                                   {product} {ergonomic}
    uintx GCDrainStackTargetSize                   = 64                                        {product} {ergonomic}
   size_t InitialHeapSize                          = 262144000                                 {product} {ergonomic}
   size_t MarkStackSize                            = 4194304                                   {product} {ergonomic}
   size_t MaxHeapSize                              = 4190109696                                {product} {ergonomic}
   size_t MinHeapDeltaBytes                        = 1048576                                   {product} {ergonomic}
    uintx NonNMethodCodeHeapSize                   = 5836300                                {pd product} {ergonomic}
    uintx NonProfiledCodeHeapSize                  = 122910970                              {pd product} {ergonomic}
    uintx ProfiledCodeHeapSize                     = 122910970                              {pd product} {ergonomic}
    uintx ReservedCodeCacheSize                    = 251658240                              {pd product} {ergonomic}
     bool SegmentedCodeCache                       = true                                      {product} {ergonomic}
     bool UseCompressedClassPointers               = true                                 {lp64_product} {ergonomic}
     bool UseCompressedOops                        = true                                 {lp64_product} {ergonomic}
     bool UseG1GC                                  = true                                      {product} {ergonomic}
     bool UseLargePagesIndividualAllocation        = false                                  {pd product} {ergonomic}

Logging:
Log output configuration:
 #0: stdout all=warning uptime,level,tags
 #1: stderr all=off uptime,level,tags

Environment Variables:
PATH=C:\Program Files\Git\mingw64\libexec\git-core;C:\Program Files\Git\mingw64\libexec\git-core;C:\Program Files\Git\mingw64\bin;C:\Program Files\Git\usr\bin;C:\Users\ZviLiberman\bin;C:\Users\ZviLiberman\PycharmProjects\pythonProject\venv\Scripts;C:\Program Files\Basler\pylon 4\pylon\bin\x64;C:\Program Files\Basler\pylon 4\pylon\bin\Win32;C:\Program Files\Basler\pylon 4\genicam\Bin\Win64_x64;C:\Program Files\Basler\pylon 4\pylonc\bin\Win32;C:\Program Files\Basler\pylon 4\pylonc\bin\x64;C:\Program Files\Basler\pylon 4\genicam\Bin\Win32_i86;C:\Program Files (x86)\Common Files\Oracle\Java\javapath;C:\Windows\system32;C:\Windows;C:\Windows\System32\Wbem;C:\Windows\System32\WindowsPowerShell\v1.0;C:\Windows\System32\OpenSSH;C:\Windows\system32\config\systemprofile\.dnx\bin;C:\Program Files\Microsoft DNX\Dnvm;C:\Program Files\Microsoft SQL Server\120\Tools\Binn;C:\Program Files\Microsoft SQL Server\130\Tools\Binn;C:\Program Files\Microsoft SQL Server\Client SDK\ODBC\170\Tools\Binn;C:\Program Files (x86)\Microsoft SQL Server\110\Tools\Binn;C:\Program Files\Microsoft SQL Server\110\Tools\Binn;C:\Program Files\Microsoft SQL Server\110\DTS\Binn;C:\Program Files (x86)\Microsoft SQL Server\110\Tools\Binn\ManagementStudio;C:\Program Files (x86)\Microsoft Visual Studio 10.0\Common7\IDE\PrivateAssemblies;C:\Program Files (x86)\Microsoft SQL Server\110\DTS\Binn;C:\Program Files\Java\jre1.8.0_281\bin;C:\Program Files\dotnet;C:\Program Files (x86)\Microsoft SQL Server\150\DTS\Binn;C:\Users\ZviLiberman\AppData\Local\Microsoft\WindowsApps;C:\Users\ZviLiberman\.dotnet\tools;C:\Program Files\Azure Data Studio\bin;C:\Program Files\JetBrains\PyCharm 2021.3\bin;C:\Program Files\JetBrains\PyCharm Community Edition 2021.3\bin
USERNAME=ZviLiberman
DISPLAY=:0.0
LC_ALL=en_US.UTF-8
OS=Windows_NT
PROCESSOR_IDENTIFIER=Intel64 Family 6 Model 142 Stepping 12, GenuineIntel



---------------  S Y S T E M  ---------------

OS: Windows 10 , 64 bit Build 19041 (10.0.19041.1348)
OS uptime: 31 days 22:22 hours

CPU:total 8 (initial active 8) (4 cores per cpu, 2 threads per core) family 6 model 142 stepping 12 microcode 0xde, cmov, cx8, fxsr, mmx, sse, sse2, sse3, ssse3, sse4.1, sse4.2, popcnt, avx, avx2, aes, clmul, erms, 3dnowpref, lzcnt, ht, tsc, tscinvbit, bmi1, bmi2, adx, fma

Memory: 4k page, system-wide physical 15980M (1506M free)
TotalPageFile size 24172M (AvailPageFile size 179M)
current process WorkingSet (physical memory assigned to process): 11M, peak: 11M
current process commit charge ("private bytes"): 61M, peak: 311M

vm_info: OpenJDK 64-Bit Server VM (11.0.13+7-b1751.19) for windows-amd64 JRE (11.0.13+7-b1751.19), built on Nov  9 2021 11:31:28 by "" with MS VC++ 14.0 (VS2015)

END.
